<?xml version="1.0" encoding="UTF-8"?>
<!-- Generated by org.testng.reporters.JUnitReportReporter -->
<testsuite hostname="DELL-C0HKRC2" failures="0" tests="2" name="Edit.EducacionIT20Ene2022.CrossBrowserTest" time="4.876" errors="0" timestamp="2022-02-03T20:08:54 ART" skipped="0">
  <testcase classname="Edit.EducacionIT20Ene2022.CrossBrowserTest" name="login" time="2.165"/>
  <system-out/>
  <testcase classname="Edit.EducacionIT20Ene2022.CrossBrowserTest" name="login" time="2.711"/>
  <system-out/>
</testsuite> <!-- Edit.EducacionIT20Ene2022.CrossBrowserTest -->
