<?xml version="1.0" encoding="UTF-8"?>
<!-- Generated by org.testng.reporters.JUnitReportReporter -->
<testsuite hostname="DELL-C0HKRC2" failures="0" tests="1" name="Edit.EducacionIT20Ene2022.Clase3" time="5.050" errors="0" timestamp="2022-01-31T21:51:54 ART" skipped="0">
  <testcase classname="Edit.EducacionIT20Ene2022.Clase3" name="createOrder" time="5.050"/>
  <system-out/>
</testsuite> <!-- Edit.EducacionIT20Ene2022.Clase3 -->
