<?xml version="1.0" encoding="UTF-8"?>
<!-- Generated by org.testng.reporters.JUnitReportReporter -->
<testsuite hostname="DELL-C0HKRC2" failures="0" tests="1" name="Edit.EducacionIT20Ene2022.AppTest" time="0.011" errors="0" timestamp="2022-01-31T21:51:54 ART" skipped="0">
  <testcase classname="Edit.EducacionIT20Ene2022.AppTest" name="imprimir" time="0.011"/>
  <system-out/>
</testsuite> <!-- Edit.EducacionIT20Ene2022.AppTest -->
