<?xml version="1.0" encoding="UTF-8"?>
<!-- Generated by org.testng.reporters.JUnitReportReporter -->
<testsuite hostname="DELL-C0HKRC2" failures="0" tests="2" name="Edit.EducacionIT20Ene2022.Clase2" time="25.706" errors="0" timestamp="2022-01-31T21:51:54 ART" skipped="0">
  <testcase classname="Edit.EducacionIT20Ene2022.Clase2" name="loginFirefoxOrangeHRM" time="18.340"/>
  <system-out/>
  <testcase classname="Edit.EducacionIT20Ene2022.Clase2" name="loginChromeOrangeHRM" time="7.366"/>
  <system-out/>
</testsuite> <!-- Edit.EducacionIT20Ene2022.Clase2 -->
