<?xml version="1.0" encoding="UTF-8"?>
<!-- Generated by org.testng.reporters.JUnitReportReporter -->
<testsuite hostname="DELL-C0HKRC2" failures="0" tests="1" name="pruebas.CreateOrderTest" time="2.238" errors="0" timestamp="2022-02-07T20:07:38 ART" skipped="0">
  <testcase classname="pruebas.CreateOrderTest" name="createOrder" time="2.238"/>
  <system-out/>
</testsuite> <!-- pruebas.CreateOrderTest -->
