<?xml version="1.0" encoding="UTF-8"?>
<!-- Generated by org.testng.reporters.JUnitReportReporter -->
<testsuite hostname="DELL-C0HKRC2" failures="0" tests="1" name="pruebas.LoginTest" time="1.497" errors="0" timestamp="2022-02-03T21:59:51 ART" skipped="0">
  <testcase classname="pruebas.LoginTest" name="createOrder" time="1.497"/>
  <system-out/>
</testsuite> <!-- pruebas.LoginTest -->
