<?xml version="1.0" encoding="UTF-8"?>
<!-- Generated by org.testng.reporters.JUnitReportReporter -->
<testsuite hostname="DELL-C0HKRC2" failures="0" tests="1" name="Edit.EducacionIT20Ene2022.Clase5" time="1.660" errors="0" timestamp="2022-02-03T20:56:09 ART" skipped="0">
  <testcase classname="Edit.EducacionIT20Ene2022.Clase5" name="login" time="1.660"/>
  <system-out/>
</testsuite> <!-- Edit.EducacionIT20Ene2022.Clase5 -->
