<?xml version="1.0" encoding="UTF-8"?>
<!-- Generated by org.testng.reporters.JUnitReportReporter -->
<testsuite hostname="DELL-C0HKRC2" failures="0" tests="1" name="Edit.EducacionIT20Ene2022.Clase4" time="0.537" errors="0" timestamp="2022-01-31T22:01:24 ART" skipped="0">
  <testcase classname="Edit.EducacionIT20Ene2022.Clase4" name="login" time="0.537"/>
  <system-out/>
</testsuite> <!-- Edit.EducacionIT20Ene2022.Clase4 -->
