<?xml version="1.0" encoding="UTF-8"?>
<!-- Generated by org.testng.reporters.JUnitReportReporter -->
<testsuite hostname="DELL-C0HKRC2" failures="0" tests="1" name="Edit.EducacionIT20Ene2022.DemoQAForm" time="0.652" errors="0" timestamp="2022-02-05T20:37:18 ART" skipped="0">
  <testcase classname="Edit.EducacionIT20Ene2022.DemoQAForm" name="form" time="0.652"/>
  <system-out/>
</testsuite> <!-- Edit.EducacionIT20Ene2022.DemoQAForm -->
